<?xml version="1.0" encoding="UTF-8"?>
<!-- Generated by org.testng.reporters.JUnitReportReporter -->
<testsuite hostname="LAPTOP-F8D17K30" failures="0" tests="1" name="com.inetbanking.testCases.TC_LoginTest_001" time="1.586" errors="0" timestamp="15 Jun 2022 00:25:45 GMT" skipped="0">
  <testcase classname="com.inetbanking.testCases.TC_LoginTest_001" name="loginTest" time="1.586"/>
</testsuite> <!-- com.inetbanking.testCases.TC_LoginTest_001 -->
